[unlockmusic.cn/index.html]
[backblue.gif]
[fade.gif]
[index.html]
[unlockmusic.cn/css/app.5388e39c.css]
[unlockmusic.cn/css/chunk-vendors.094863c6.css]
[unlockmusic.cn/js/app.e0ad8f6c.js]
[unlockmusic.cn/img/icons/favicon-32x32.png]
[unlockmusic.cn/img/icons/favicon-16x16.png]
[unlockmusic.cn/web-manifest.json]
[unlockmusic.cn/img/icons/apple-touch-icon-152x152.png]
[unlockmusic.cn/img/icons/safari-pinned-tab.svg]
[unlockmusic.cn/loader.js]
[unlockmusic.cn/index.html]
[unlockmusic.cn/css/app.5388e39c.css]
[unlockmusic.cn/js/chunk-vendors.0c483a87.js]
[unlockmusic.cn/fonts/element-icons.535877f5.woff]
[unlockmusic.cn/fonts/element-icons.732389de.ttf]
[unlockmusic.cn/css/chunk-vendors.094863c6.css]
[unlockmusic.cn/img/icons/safari-pinned-tab.svg]
